---
driver=<class 'textual.drivers.linux_driver.LinuxDriver'>
Load() >>> MyApp(title='Textual')
Mount() >>> MyApp(title='Snakeskin')
Mount() >>> DockView(name='DockView#1')
Mount() >>> Header('')
Mount() >>> ScrollView(name='ScrollView#2')
Mount() >>> ScrollView(name='ScrollView#2')
Mount() >>> ScrollView(name='ScrollView#1')
Mount() >>> ScrollView(name='ScrollView#1')
Mount() >>> WindowView(name='WindowView#2')
Mount() >>> WindowView(name='WindowView#1')
Mount() >>> DirectoryTree(name='Code')
TRANSLATING layout
WindowChange(WindowView(name='WindowView#2')) >>> ScrollView(name='ScrollView#2')
WindowChange(WindowView(name='WindowView#1')) >>> ScrollView(name='ScrollView#1')
WindowChange(WindowView(name='WindowView#2')) >>> ScrollView(name='ScrollView#2')
TRANSLATING layout
set_focus Header('Snakeskin')
MouseDown(x=3, y=1, button=1) >>> Header('Snakeskin')
MouseUp(x=3, y=1, button=1) >>> Header('Snakeskin')
Click(x=3, y=1, button=1) >>> Header('Snakeskin')
Click(x=3, y=1, button=1) >>> Header('Snakeskin')
WindowChange(WindowView(name='WindowView#2')) >>> ScrollView(name='ScrollView#2')
WindowChange(WindowView(name='WindowView#2')) >>> ScrollView(name='ScrollView#2')
WindowChange(WindowView(name='WindowView#1')) >>> ScrollView(name='ScrollView#1')
WindowChange(WindowView(name='WindowView#1')) >>> ScrollView(name='ScrollView#1')
set_focus Header('Snakeskin')
MouseDown(x=0, y=0, button=1) >>> Header('Snakeskin')
MouseUp(x=0, y=0, button=1) >>> Header('Snakeskin')
Click(x=0, y=0, button=1) >>> Header('Snakeskin')
Click(x=0, y=0, button=1) >>> Header('Snakeskin')
WindowChange(WindowView(name='WindowView#2')) >>> ScrollView(name='ScrollView#2')
WindowChange(WindowView(name='WindowView#2')) >>> ScrollView(name='ScrollView#2')
WindowChange(WindowView(name='WindowView#1')) >>> ScrollView(name='ScrollView#1')
WindowChange(WindowView(name='WindowView#1')) >>> ScrollView(name='ScrollView#1')
